# JRE version: Java(TM) SE Runtime Environment (8.0_171-b11) (build 1.8.0_171-b11)
# Java VM: Java HotSpot(TM) 64-Bit Server VM (25.171-b11 mixed mode windows-amd64 compressed oops)
Heap:
 PSYoungGen      total 131072K, used 81991K [0x00000000eb580000, 0x00000000f6380000, 0x0000000100000000)
  eden space 119808K, 59% used [0x00000000eb580000,0x00000000efa982c8,0x00000000f2a80000)
  from space 11264K, 99% used [0x00000000f2a80000,0x00000000f3579ca0,0x00000000f3580000)
  to   space 14848K, 0% used [0x00000000f5500000,0x00000000f5500000,0x00000000f6380000)
 ParOldGen       total 59904K, used 21868K [0x00000000c2000000, 0x00000000c5a80000, 0x00000000eb580000)
  object space 59904K, 36% used [0x00000000c2000000,0x00000000c355b228,0x00000000c5a80000)
 Metaspace       used 50924K, capacity 53862K, committed 53976K, reserved 1095680K
  class space    used 7332K, capacity 7851K, committed 7936K, reserved 1048576K
GC Heap History (10 events):
Event: 7.240 GC heap before
{Heap before GC invocations=9 (full 1):
 PSYoungGen      total 69632K, used 62464K [0x00000000eb580000, 0x00000000f3d80000, 0x0000000100000000)
  eden space 62464K, 100% used [0x00000000eb580000,0x00000000ef280000,0x00000000ef280000)
  from space 7168K, 0% used [0x00000000ef280000,0x00000000ef280000,0x00000000ef980000)
  to   space 7168K, 0% used [0x00000000f3680000,0x00000000f3680000,0x00000000f3d80000)
 ParOldGen       total 35328K, used 7956K [0x00000000c2000000, 0x00000000c4280000, 0x00000000eb580000)
  object space 35328K, 22% used [0x00000000c2000000,0x00000000c27c50c0,0x00000000c4280000)
 Metaspace       used 23311K, capacity 24378K, committed 24576K, reserved 1071104K
  class space    used 3247K, capacity 3490K, committed 3584K, reserved 1048576K
Event: 7.254 GC heap after
Heap after GC invocations=9 (full 1):
 PSYoungGen      total 97792K, used 6420K [0x00000000eb580000, 0x00000000f3d00000, 0x0000000100000000)
  eden space 91136K, 0% used [0x00000000eb580000,0x00000000eb580000,0x00000000f0e80000)
  from space 6656K, 96% used [0x00000000f3680000,0x00000000f3cc5080,0x00000000f3d00000)
  to   space 7680K, 0% used [0x00000000f2e00000,0x00000000f2e00000,0x00000000f3580000)
 ParOldGen       total 35328K, used 7964K [0x00000000c2000000, 0x00000000c4280000, 0x00000000eb580000)
  object space 35328K, 22% used [0x00000000c2000000,0x00000000c27c70c0,0x00000000c4280000)
 Metaspace       used 23311K, capacity 24378K, committed 24576K, reserved 1071104K
  class space    used 3247K, capacity 3490K, committed 3584K, reserved 1048576K
}
Event: 10.189 GC heap before
{Heap before GC invocations=10 (full 1):
 PSYoungGen      total 97792K, used 97556K [0x00000000eb580000, 0x00000000f3d00000, 0x0000000100000000)
  eden space 91136K, 100% used [0x00000000eb580000,0x00000000f0e80000,0x00000000f0e80000)
  from space 6656K, 96% used [0x00000000f3680000,0x00000000f3cc5080,0x00000000f3d00000)
  to   space 7680K, 0% used [0x00000000f2e00000,0x00000000f2e00000,0x00000000f3580000)
 ParOldGen       total 35328K, used 7964K [0x00000000c2000000, 0x00000000c4280000, 0x00000000eb580000)
  object space 35328K, 22% used [0x00000000c2000000,0x00000000c27c70c0,0x00000000c4280000)
 Metaspace       used 28097K, capacity 29850K, committed 30208K, reserved 1075200K
  class space    used 3907K, capacity 4244K, committed 4352K, reserved 1048576K
Event: 10.203 GC heap after
Heap after GC invocations=10 (full 1):
 PSYoungGen      total 121856K, used 7660K [0x00000000eb580000, 0x00000000f3700000, 0x0000000100000000)
  eden space 114176K, 0% used [0x00000000eb580000,0x00000000eb580000,0x00000000f2500000)
  from space 7680K, 99% used [0x00000000f2e00000,0x00000000f357b198,0x00000000f3580000)
  to   space 1536K, 0% used [0x00000000f3580000,0x00000000f3580000,0x00000000f3700000)
 ParOldGen       total 35328K, used 9445K [0x00000000c2000000, 0x00000000c4280000, 0x00000000eb580000)
  object space 35328K, 26% used [0x00000000c2000000,0x00000000c2939750,0x00000000c4280000)
 Metaspace       used 28097K, capacity 29850K, committed 30208K, reserved 1075200K
  class space    used 3907K, capacity 4244K, committed 4352K, reserved 1048576K
}
Event: 13.246 GC heap before
{Heap before GC invocations=11 (full 1):
 PSYoungGen      total 121856K, used 46599K [0x00000000eb580000, 0x00000000f3700000, 0x0000000100000000)
  eden space 114176K, 34% used [0x00000000eb580000,0x00000000edb86bd8,0x00000000f2500000)
  from space 7680K, 99% used [0x00000000f2e00000,0x00000000f357b198,0x00000000f3580000)
  to   space 1536K, 0% used [0x00000000f3580000,0x00000000f3580000,0x00000000f3700000)
 ParOldGen       total 35328K, used 9445K [0x00000000c2000000, 0x00000000c4280000, 0x00000000eb580000)
  object space 35328K, 26% used [0x00000000c2000000,0x00000000c2939750,0x00000000c4280000)
 Metaspace       used 33504K, capacity 35320K, committed 35416K, reserved 1079296K
  class space    used 4820K, capacity 5193K, committed 5248K, reserved 1048576K
Event: 13.270 GC heap after
Heap after GC invocations=11 (full 1):
 PSYoungGen      total 121344K, used 1536K [0x00000000eb580000, 0x00000000f5500000, 0x0000000100000000)
  eden space 119808K, 0% used [0x00000000eb580000,0x00000000eb580000,0x00000000f2a80000)
  from space 1536K, 100% used [0x00000000f3580000,0x00000000f3700000,0x00000000f3700000)
  to   space 11264K, 0% used [0x00000000f2a80000,0x00000000f2a80000,0x00000000f3580000)
 ParOldGen       total 35328K, used 18825K [0x00000000c2000000, 0x00000000c4280000, 0x00000000eb580000)
  object space 35328K, 53% used [0x00000000c2000000,0x00000000c32627f8,0x00000000c4280000)
 Metaspace       used 33504K, capacity 35320K, committed 35416K, reserved 1079296K
  class space    used 4820K, capacity 5193K, committed 5248K, reserved 1048576K
}
Event: 13.270 GC heap before
{Heap before GC invocations=12 (full 2):
 PSYoungGen      total 121344K, used 1536K [0x00000000eb580000, 0x00000000f5500000, 0x0000000100000000)
  eden space 119808K, 0% used [0x00000000eb580000,0x00000000eb580000,0x00000000f2a80000)
  from space 1536K, 100% used [0x00000000f3580000,0x00000000f3700000,0x00000000f3700000)
  to   space 11264K, 0% used [0x00000000f2a80000,0x00000000f2a80000,0x00000000f3580000)
 ParOldGen       total 35328K, used 18825K [0x00000000c2000000, 0x00000000c4280000, 0x00000000eb580000)
  object space 35328K, 53% used [0x00000000c2000000,0x00000000c32627f8,0x00000000c4280000)
 Metaspace       used 33504K, capacity 35320K, committed 35416K, reserved 1079296K
  class space    used 4820K, capacity 5193K, committed 5248K, reserved 1048576K
Event: 13.363 GC heap after
Heap after GC invocations=12 (full 2):
 PSYoungGen      total 121344K, used 0K [0x00000000eb580000, 0x00000000f5500000, 0x0000000100000000)
  eden space 119808K, 0% used [0x00000000eb580000,0x00000000eb580000,0x00000000f2a80000)
  from space 1536K, 0% used [0x00000000f3580000,0x00000000f3580000,0x00000000f3700000)
  to   space 11264K, 0% used [0x00000000f2a80000,0x00000000f2a80000,0x00000000f3580000)
 ParOldGen       total 59904K, used 15527K [0x00000000c2000000, 0x00000000c5a80000, 0x00000000eb580000)
  object space 59904K, 25% used [0x00000000c2000000,0x00000000c2f29dd0,0x00000000c5a80000)
 Metaspace       used 33504K, capacity 35320K, committed 35416K, reserved 1079296K
  class space    used 4820K, capacity 5193K, committed 5248K, reserved 1048576K
}
Event: 18.521 GC heap before
{Heap before GC invocations=13 (full 2):
 PSYoungGen      total 121344K, used 119808K [0x00000000eb580000, 0x00000000f5500000, 0x0000000100000000)
  eden space 119808K, 100% used [0x00000000eb580000,0x00000000f2a80000,0x00000000f2a80000)
  from space 1536K, 0% used [0x00000000f3580000,0x00000000f3580000,0x00000000f3700000)
  to   space 11264K, 0% used [0x00000000f2a80000,0x00000000f2a80000,0x00000000f3580000)
 ParOldGen       total 59904K, used 15527K [0x00000000c2000000, 0x00000000c5a80000, 0x00000000eb580000)
  object space 59904K, 25% used [0x00000000c2000000,0x00000000c2f29dd0,0x00000000c5a80000)
 Metaspace       used 47060K, capacity 49666K, committed 49752K, reserved 1091584K
  class space    used 6774K, capacity 7237K, committed 7296K, reserved 1048576K
Event: 18.543 GC heap after
Heap after GC invocations=13 (full 2):
 PSYoungGen      total 131072K, used 11239K [0x00000000eb580000, 0x00000000f6380000, 0x0000000100000000)
  eden space 119808K, 0% used [0x00000000eb580000,0x00000000eb580000,0x00000000f2a80000)
  from space 11264K, 99% used [0x00000000f2a80000,0x00000000f3579ca0,0x00000000f3580000)
  to   space 14848K, 0% used [0x00000000f5500000,0x00000000f5500000,0x00000000f6380000)
 ParOldGen       total 59904K, used 21868K [0x00000000c2000000, 0x00000000c5a80000, 0x00000000eb580000)
  object space 59904K, 36% used [0x00000000c2000000,0x00000000c355b228,0x00000000c5a80000)
 Metaspace       used 47060K, capacity 49666K, committed 49752K, reserved 1091584K
  class space    used 6774K, capacity 7237K, committed 7296K, reserved 1048576K
}

