# JRE version: Java(TM) SE Runtime Environment (8.0_171-b11) (build 1.8.0_171-b11)
# Java VM: Java HotSpot(TM) 64-Bit Server VM (25.171-b11 mixed mode windows-amd64 compressed oops)
Heap:
 PSYoungGen      total 79360K, used 6224K [0x00000000eb580000, 0x00000000f1680000, 0x0000000100000000)
  eden space 75776K, 3% used [0x00000000eb580000,0x00000000eb827ab0,0x00000000eff80000)
  from space 3584K, 97% used [0x00000000f1300000,0x00000000f166c710,0x00000000f1680000)
  to   space 7680K, 0% used [0x00000000f0780000,0x00000000f0780000,0x00000000f0f00000)
 ParOldGen       total 45056K, used 9365K [0x00000000c2000000, 0x00000000c4c00000, 0x00000000eb580000)
  object space 45056K, 20% used [0x00000000c2000000,0x00000000c2925650,0x00000000c4c00000)
 Metaspace       used 27886K, capacity 29418K, committed 29568K, reserved 1077248K
  class space    used 3852K, capacity 4160K, committed 4224K, reserved 1048576K
GC Heap History (10 events):
Event: 4.857 GC heap before
{Heap before GC invocations=8 (full 1):
 PSYoungGen      total 69632K, used 2175K [0x00000000eb580000, 0x00000000f0080000, 0x0000000100000000)
  eden space 62976K, 0% used [0x00000000eb580000,0x00000000eb580000,0x00000000ef300000)
  from space 6656K, 32% used [0x00000000ef300000,0x00000000ef51fc38,0x00000000ef980000)
  to   space 6144K, 0% used [0x00000000ef980000,0x00000000ef980000,0x00000000eff80000)
 ParOldGen       total 42496K, used 10064K [0x00000000c2000000, 0x00000000c4980000, 0x00000000eb580000)
  object space 42496K, 23% used [0x00000000c2000000,0x00000000c29d4350,0x00000000c4980000)
 Metaspace       used 20426K, capacity 21114K, committed 21248K, reserved 1067008K
  class space    used 2773K, capacity 2968K, committed 3072K, reserved 1048576K
Event: 4.912 GC heap after
Heap after GC invocations=8 (full 1):
 PSYoungGen      total 69632K, used 0K [0x00000000eb580000, 0x00000000f0080000, 0x0000000100000000)
  eden space 62976K, 0% used [0x00000000eb580000,0x00000000eb580000,0x00000000ef300000)
  from space 6656K, 0% used [0x00000000ef300000,0x00000000ef300000,0x00000000ef980000)
  to   space 6144K, 0% used [0x00000000ef980000,0x00000000ef980000,0x00000000eff80000)
 ParOldGen       total 29696K, used 6054K [0x00000000c2000000, 0x00000000c3d00000, 0x00000000eb580000)
  object space 29696K, 20% used [0x00000000c2000000,0x00000000c25e9aa8,0x00000000c3d00000)
 Metaspace       used 20425K, capacity 21108K, committed 21248K, reserved 1067008K
  class space    used 2773K, capacity 2967K, committed 3072K, reserved 1048576K
}
Event: 5.828 GC heap before
{Heap before GC invocations=9 (full 1):
 PSYoungGen      total 69632K, used 62976K [0x00000000eb580000, 0x00000000f0080000, 0x0000000100000000)
  eden space 62976K, 100% used [0x00000000eb580000,0x00000000ef300000,0x00000000ef300000)
  from space 6656K, 0% used [0x00000000ef300000,0x00000000ef300000,0x00000000ef980000)
  to   space 6144K, 0% used [0x00000000ef980000,0x00000000ef980000,0x00000000eff80000)
 ParOldGen       total 29696K, used 6054K [0x00000000c2000000, 0x00000000c3d00000, 0x00000000eb580000)
  object space 29696K, 20% used [0x00000000c2000000,0x00000000c25e9aa8,0x00000000c3d00000)
 Metaspace       used 23729K, capacity 24684K, committed 24832K, reserved 1071104K
  class space    used 3277K, capacity 3509K, committed 3584K, reserved 1048576K
Event: 5.835 GC heap after
Heap after GC invocations=9 (full 1):
 PSYoungGen      total 68096K, used 6115K [0x00000000eb580000, 0x00000000f2e00000, 0x0000000100000000)
  eden space 61952K, 0% used [0x00000000eb580000,0x00000000eb580000,0x00000000ef200000)
  from space 6144K, 99% used [0x00000000ef980000,0x00000000eff78ed8,0x00000000eff80000)
  to   space 7680K, 0% used [0x00000000ef200000,0x00000000ef200000,0x00000000ef980000)
 ParOldGen       total 29696K, used 6491K [0x00000000c2000000, 0x00000000c3d00000, 0x00000000eb580000)
  object space 29696K, 21% used [0x00000000c2000000,0x00000000c2656c90,0x00000000c3d00000)
 Metaspace       used 23729K, capacity 24684K, committed 24832K, reserved 1071104K
  class space    used 3277K, capacity 3509K, committed 3584K, reserved 1048576K
}
Event: 6.221 GC heap before
{Heap before GC invocations=10 (full 1):
 PSYoungGen      total 68096K, used 25230K [0x00000000eb580000, 0x00000000f2e00000, 0x0000000100000000)
  eden space 61952K, 30% used [0x00000000eb580000,0x00000000ec82ab98,0x00000000ef200000)
  from space 6144K, 99% used [0x00000000ef980000,0x00000000eff78ed8,0x00000000eff80000)
  to   space 7680K, 0% used [0x00000000ef200000,0x00000000ef200000,0x00000000ef980000)
 ParOldGen       total 29696K, used 6491K [0x00000000c2000000, 0x00000000c3d00000, 0x00000000eb580000)
  object space 29696K, 21% used [0x00000000c2000000,0x00000000c2656c90,0x00000000c3d00000)
 Metaspace       used 25338K, capacity 26566K, committed 26624K, reserved 1077248K
  class space    used 3526K, capacity 3782K, committed 3840K, reserved 1048576K
Event: 6.228 GC heap after
Heap after GC invocations=10 (full 1):
 PSYoungGen      total 69632K, used 4686K [0x00000000eb580000, 0x00000000f1a80000, 0x0000000100000000)
  eden space 61952K, 0% used [0x00000000eb580000,0x00000000eb580000,0x00000000ef200000)
  from space 7680K, 61% used [0x00000000ef200000,0x00000000ef6939b0,0x00000000ef980000)
  to   space 7680K, 0% used [0x00000000f1300000,0x00000000f1300000,0x00000000f1a80000)
 ParOldGen       total 29696K, used 6499K [0x00000000c2000000, 0x00000000c3d00000, 0x00000000eb580000)
  object space 29696K, 21% used [0x00000000c2000000,0x00000000c2658c90,0x00000000c3d00000)
 Metaspace       used 25338K, capacity 26566K, committed 26624K, reserved 1077248K
  class space    used 3526K, capacity 3782K, committed 3840K, reserved 1048576K
}
Event: 6.228 GC heap before
{Heap before GC invocations=11 (full 2):
 PSYoungGen      total 69632K, used 4686K [0x00000000eb580000, 0x00000000f1a80000, 0x0000000100000000)
  eden space 61952K, 0% used [0x00000000eb580000,0x00000000eb580000,0x00000000ef200000)
  from space 7680K, 61% used [0x00000000ef200000,0x00000000ef6939b0,0x00000000ef980000)
  to   space 7680K, 0% used [0x00000000f1300000,0x00000000f1300000,0x00000000f1a80000)
 ParOldGen       total 29696K, used 6499K [0x00000000c2000000, 0x00000000c3d00000, 0x00000000eb580000)
  object space 29696K, 21% used [0x00000000c2000000,0x00000000c2658c90,0x00000000c3d00000)
 Metaspace       used 25338K, capacity 26566K, committed 26624K, reserved 1077248K
  class space    used 3526K, capacity 3782K, committed 3840K, reserved 1048576K
Event: 6.310 GC heap after
Heap after GC invocations=11 (full 2):
 PSYoungGen      total 69632K, used 0K [0x00000000eb580000, 0x00000000f1a80000, 0x0000000100000000)
  eden space 61952K, 0% used [0x00000000eb580000,0x00000000eb580000,0x00000000ef200000)
  from space 7680K, 0% used [0x00000000ef200000,0x00000000ef200000,0x00000000ef980000)
  to   space 7680K, 0% used [0x00000000f1300000,0x00000000f1300000,0x00000000f1a80000)
 ParOldGen       total 45056K, used 9357K [0x00000000c2000000, 0x00000000c4c00000, 0x00000000eb580000)
  object space 45056K, 20% used [0x00000000c2000000,0x00000000c2923650,0x00000000c4c00000)
 Metaspace       used 25338K, capacity 26566K, committed 26624K, reserved 1075200K
  class space    used 3526K, capacity 3782K, committed 3840K, reserved 1048576K
}
Event: 7.001 GC heap before
{Heap before GC invocations=12 (full 2):
 PSYoungGen      total 69632K, used 61952K [0x00000000eb580000, 0x00000000f1a80000, 0x0000000100000000)
  eden space 61952K, 100% used [0x00000000eb580000,0x00000000ef200000,0x00000000ef200000)
  from space 7680K, 0% used [0x00000000ef200000,0x00000000ef200000,0x00000000ef980000)
  to   space 7680K, 0% used [0x00000000f1300000,0x00000000f1300000,0x00000000f1a80000)
 ParOldGen       total 45056K, used 9357K [0x00000000c2000000, 0x00000000c4c00000, 0x00000000eb580000)
  object space 45056K, 20% used [0x00000000c2000000,0x00000000c2923650,0x00000000c4c00000)
 Metaspace       used 27779K, capacity 29304K, committed 29568K, reserved 1077248K
  class space    used 3832K, capacity 4123K, committed 4224K, reserved 1048576K
Event: 7.006 GC heap after
Heap after GC invocations=12 (full 2):
 PSYoungGen      total 79360K, used 3505K [0x00000000eb580000, 0x00000000f1680000, 0x0000000100000000)
  eden space 75776K, 0% used [0x00000000eb580000,0x00000000eb580000,0x00000000eff80000)
  from space 3584K, 97% used [0x00000000f1300000,0x00000000f166c710,0x00000000f1680000)
  to   space 7680K, 0% used [0x00000000f0780000,0x00000000f0780000,0x00000000f0f00000)
 ParOldGen       total 45056K, used 9365K [0x00000000c2000000, 0x00000000c4c00000, 0x00000000eb580000)
  object space 45056K, 20% used [0x00000000c2000000,0x00000000c2925650,0x00000000c4c00000)
 Metaspace       used 27779K, capacity 29304K, committed 29568K, reserved 1077248K
  class space    used 3832K, capacity 4123K, committed 4224K, reserved 1048576K
}

